<?xml version="1.0" encoding="UTF-8" ?>
<testsuites errors="0"
            failures="1"
            tests="5">

  <testsuite name="location"
    errors="0" failures="1" hostname="" id="" package="location" skipped="0"
    tests="5" time="9.786" timestamp="">
  
    <testcase name="connect" classname="location" time="1.718" assertions="0">
    </testcase>
  
    <testcase name="location" classname="location" time="2.580" assertions="7">

    

    

    

    

    

      <failure message="Failed [equal]: (&#39;Город: \nХабаровск&#39; == &#39;Город: \nХвалынск&#39;) - expected [0;32m&#34;Город: 
Хвалынск&#34;[0m but got: [0;31m&#34;Город: 
Хабаровск&#34;[0m">    at NightwatchAPI.browser.waitForElementVisible.click.waitForElementVisible.moveToElement.setValue.waitForElementVisible.click.waitForElementVisible.click.getText.result (C:\Users\User\Desktop\сессия\autoTests\tests\location.js:49:32)
    at process._tickCallback (internal/process/next_tick.js:68:7)</failure>

    <failure message="    at NightwatchAPI.browser.waitForElementVisible.click.waitForElementVisible.moveToElement.setValue.waitForElementVisible.click.waitForElementVisible.click.getText.result (C:\Users\User\Desktop\сессия\autoTests\tests\location.js:49:32)">    at process._tickCallback (internal/process/next_tick.js:68:7)</failure>
    </testcase>
  
    <testcase name="auth" classname="location" time="4.090" assertions="7">

    

    

    

    

    

    

    
    </testcase>
  
    <testcase name="citytest" classname="location" time="1.360" assertions="2">

    

    
    </testcase>
  
    <testcase name="breakTest" classname="location" time="0.03800" assertions="0">
    </testcase>
  

  

  
  </testsuite>
</testsuites>
